Determining if the pthread_create exist failed with the following output:
Change Dir: /home/INTRANET/bmarty/Desktop/myfiles/cpp/secondYear/secondWeek/Neuron-Program/build/CMakeFiles/CMakeTmp

Run Build Command:"/usr/bin/make" "cmTryCompileExec1310921601/fast"
make[1]: Entering directory `/home/INTRANET/bmarty/myfiles/cpp/secondYear/secondWeek/Neuron-Program/build/CMakeFiles/CMakeTmp'
/usr/bin/make -f CMakeFiles/cmTryCompileExec1310921601.dir/build.make CMakeFiles/cmTryCompileExec1310921601.dir/build
make[2]: Entering directory `/home/INTRANET/bmarty/myfiles/cpp/secondYear/secondWeek/Neuron-Program/build/CMakeFiles/CMakeTmp'
/usr/local/bin/cmake -E cmake_progress_report /home/INTRANET/bmarty/Desktop/myfiles/cpp/secondYear/secondWeek/Neuron-Program/build/CMakeFiles/CMakeTmp/CMakeFiles 1
Building C object CMakeFiles/cmTryCompileExec1310921601.dir/CheckSymbolExists.c.o
/usr/bin/cc    -o CMakeFiles/cmTryCompileExec1310921601.dir/CheckSymbolExists.c.o   -c /home/INTRANET/bmarty/Desktop/myfiles/cpp/secondYear/secondWeek/Neuron-Program/build/CMakeFiles/CMakeTmp/CheckSymbolExists.c
Linking C executable cmTryCompileExec1310921601
/usr/local/bin/cmake -E cmake_link_script CMakeFiles/cmTryCompileExec1310921601.dir/link.txt --verbose=1
/usr/bin/cc       CMakeFiles/cmTryCompileExec1310921601.dir/CheckSymbolExists.c.o  -o cmTryCompileExec1310921601 -rdynamic 
CMakeFiles/cmTryCompileExec1310921601.dir/CheckSymbolExists.c.o: In function `main':
CheckSymbolExists.c:(.text+0x16): undefined reference to `pthread_create'
collect2: error: ld returned 1 exit status
make[2]: *** [cmTryCompileExec1310921601] Error 1
make[2]: Leaving directory `/home/INTRANET/bmarty/myfiles/cpp/secondYear/secondWeek/Neuron-Program/build/CMakeFiles/CMakeTmp'
make[1]: Leaving directory `/home/INTRANET/bmarty/myfiles/cpp/secondYear/secondWeek/Neuron-Program/build/CMakeFiles/CMakeTmp'
make[1]: *** [cmTryCompileExec1310921601/fast] Error 2

File /home/INTRANET/bmarty/Desktop/myfiles/cpp/secondYear/secondWeek/Neuron-Program/build/CMakeFiles/CMakeTmp/CheckSymbolExists.c:
/* */
#include <pthread.h>

int main(int argc, char** argv)
{
  (void)argv;
#ifndef pthread_create
  return ((int*)(&pthread_create))[argc];
#else
  (void)argc;
  return 0;
#endif
}

